yarn run v1.22.22
$ next build
  ▲ Next.js 14.2.3
  - Environments: .env.local, .env
  - Experiments (use with caution):
    · esmExternals

   Creating an optimized production build ...
 ✓ Compiled successfully
   Linting and checking validity of types ...
Failed to compile.

./src/components/auth/RoleSelection.tsx:17:22
Type error: Property 'requestRole' does not exist on type '{ userRoles: { isFarmer: boolean; isInvestor: boolean; isAdmin: boolean; isAuditor: boolean; }; isLoading: boolean; checkUserRoles: () => Promise<void>; grantAdminRole: (userAddress: any) => Promise<...>; }'.

[0m [90m 15 |[39m [36mconst[39m [33mRoleSelection[39m[33m:[39m [33mReact[39m[33m.[39m[33mFC[39m[33m<[39m[33mRoleSelectionProps[39m[33m>[39m [33m=[39m ({ onRoleSelect[33m,[39m onClose }) [33m=>[39m {[0m
[0m [90m 16 |[39m   [36mconst[39m { address[33m,[39m isConnected } [33m=[39m useAccount()[33m;[39m[0m
[0m[31m[1m>[22m[39m[90m 17 |[39m   [36mconst[39m { userRoles[33m,[39m requestRole[33m,[39m checkUserRoles[33m,[39m isLoading } [33m=[39m useRoleManagement()[33m;[39m[0m
[0m [90m    |[39m                      [31m[1m^[22m[39m[0m
[0m [90m 18 |[39m   [36mconst[39m [selectedRole[33m,[39m setSelectedRole] [33m=[39m useState[33m<[39m[33mAppRole[39m [33m|[39m [36mnull[39m[33m>[39m([36mnull[39m)[33m;[39m[0m
[0m [90m 19 |[39m   [36mconst[39m [isVisible[33m,[39m setIsVisible] [33m=[39m useState([36mfalse[39m)[33m;[39m[0m
[0m [90m 20 |[39m[0m
error Command failed with exit code 1.
info Visit https://yarnpkg.com/en/docs/cli/run for documentation about this command.
